1508254868892	geckodriver	INFO	geckodriver 0.18.0
1508254868908	geckodriver	INFO	Listening on 127.0.0.1:57663
1508254870936	geckodriver::marionette	INFO	Starting browser C:\Program Files\Mozilla Firefox\firefox.exe with args ["-marionette"]
1508254871464	addons.manager	DEBUG	Application has been upgraded
1508254871516	addons.manager	DEBUG	Loaded provider scope for resource://gre/modules/addons/XPIProvider.jsm: ["XPIProvider", "XPIInternal"]
1508254871519	addons.manager	DEBUG	Loaded provider scope for resource://gre/modules/LightweightThemeManager.jsm: ["LightweightThemeManager"]
1508254871539	addons.manager	DEBUG	Loaded provider scope for resource://gre/modules/addons/GMPProvider.jsm
1508254871541	addons.manager	DEBUG	Loaded provider scope for resource://gre/modules/addons/PluginProvider.jsm
1508254871541	addons.manager	DEBUG	Starting provider: XPIProvider
1508254871541	addons.xpi	DEBUG	startup
1508254871542	addons.xpi	INFO	SystemAddonInstallLocation directory is missing
1508254871542	addons.xpi	INFO	Removing all system add-on upgrades.
1508254871542	addons.xpi	DEBUG	checkForChanges
1508254871543	addons.xpi	WARN	Error parsing extensions state: [Exception... "Component returned failure code: 0x80520012 (NS_ERROR_FILE_NOT_FOUND) [amIAddonManagerStartup.readStartupData]"  nsresult: "0x80520012 (NS_ERROR_FILE_NOT_FOUND)"  location: "JS frame :: resource://gre/modules/addons/XPIProvider.jsm :: loadExtensionState :: line 1554"  data: no] Stack trace: loadExtensionState()@resource://gre/modules/addons/XPIProvider.jsm:1554 < getInstallState()@resource://gre/modules/addons/XPIProvider.jsm:1589 < checkForChanges()@resource://gre/modules/addons/XPIProvider.jsm:3109 < startup()@resource://gre/modules/addons/XPIProvider.jsm:2188 < callProvider()@resource://gre/modules/AddonManager.jsm:269 < _startProvider()@resource://gre/modules/AddonManager.jsm:739 < startup()@resource://gre/modules/AddonManager.jsm:906 < startup()@resource://gre/modules/AddonManager.jsm:3090 < observe()@jar:file:///C:/Program%20Files/Mozilla%20Firefox/omni.ja!/components/addonManager.js:65
1508254871544	addons.xpi	DEBUG	Loaded add-on state: ${}
1508254871545	addons.xpi	INFO	Mapping activity-stream@mozilla.org to C:\Program Files\Mozilla Firefox\browser\features\activity-stream@mozilla.org.xpi
1508254871545	addons.xpi	INFO	Mapping aushelper@mozilla.org to C:\Program Files\Mozilla Firefox\browser\features\aushelper@mozilla.org.xpi
1508254871545	addons.xpi	INFO	Mapping clicktoplay-rollout@mozilla.org to C:\Program Files\Mozilla Firefox\browser\features\clicktoplay-rollout@mozilla.org.xpi
1508254871545	addons.xpi	INFO	Mapping e10srollout@mozilla.org to C:\Program Files\Mozilla Firefox\browser\features\e10srollout@mozilla.org.xpi
1508254871545	addons.xpi	INFO	Mapping firefox@getpocket.com to C:\Program Files\Mozilla Firefox\browser\features\firefox@getpocket.com.xpi
1508254871545	addons.xpi	INFO	Mapping followonsearch@mozilla.com to C:\Program Files\Mozilla Firefox\browser\features\followonsearch@mozilla.com.xpi
1508254871546	addons.xpi	INFO	Mapping formautofill@mozilla.org to C:\Program Files\Mozilla Firefox\browser\features\formautofill@mozilla.org.xpi
1508254871546	addons.xpi	INFO	Mapping onboarding@mozilla.org to C:\Program Files\Mozilla Firefox\browser\features\onboarding@mozilla.org.xpi
1508254871546	addons.xpi	INFO	Mapping screenshots@mozilla.org to C:\Program Files\Mozilla Firefox\browser\features\screenshots@mozilla.org.xpi
1508254871546	addons.xpi	INFO	Mapping shield-recipe-client@mozilla.org to C:\Program Files\Mozilla Firefox\browser\features\shield-recipe-client@mozilla.org.xpi
1508254871546	addons.xpi	INFO	Mapping webcompat@mozilla.org to C:\Program Files\Mozilla Firefox\browser\features\webcompat@mozilla.org.xpi
1508254871547	addons.xpi	DEBUG	New add-on activity-stream@mozilla.org in app-system-defaults
1508254871547	addons.xpi	INFO	Mapping activity-stream@mozilla.org to C:\Program Files\Mozilla Firefox\browser\features\activity-stream@mozilla.org.xpi
1508254871547	addons.xpi	DEBUG	New add-on aushelper@mozilla.org in app-system-defaults
1508254871548	addons.xpi	INFO	Mapping aushelper@mozilla.org to C:\Program Files\Mozilla Firefox\browser\features\aushelper@mozilla.org.xpi
1508254871548	addons.xpi	DEBUG	New add-on clicktoplay-rollout@mozilla.org in app-system-defaults
1508254871548	addons.xpi	INFO	Mapping clicktoplay-rollout@mozilla.org to C:\Program Files\Mozilla Firefox\browser\features\clicktoplay-rollout@mozilla.org.xpi
1508254871549	addons.xpi	DEBUG	New add-on e10srollout@mozilla.org in app-system-defaults
1508254871549	addons.xpi	INFO	Mapping e10srollout@mozilla.org to C:\Program Files\Mozilla Firefox\browser\features\e10srollout@mozilla.org.xpi
1508254871549	addons.xpi	DEBUG	New add-on firefox@getpocket.com in app-system-defaults
1508254871549	addons.xpi	INFO	Mapping firefox@getpocket.com to C:\Program Files\Mozilla Firefox\browser\features\firefox@getpocket.com.xpi
1508254871549	addons.xpi	DEBUG	New add-on followonsearch@mozilla.com in app-system-defaults
1508254871550	addons.xpi	INFO	Mapping followonsearch@mozilla.com to C:\Program Files\Mozilla Firefox\browser\features\followonsearch@mozilla.com.xpi
1508254871550	addons.xpi	DEBUG	New add-on formautofill@mozilla.org in app-system-defaults
1508254871550	addons.xpi	INFO	Mapping formautofill@mozilla.org to C:\Program Files\Mozilla Firefox\browser\features\formautofill@mozilla.org.xpi
1508254871550	addons.xpi	DEBUG	New add-on onboarding@mozilla.org in app-system-defaults
1508254871550	addons.xpi	INFO	Mapping onboarding@mozilla.org to C:\Program Files\Mozilla Firefox\browser\features\onboarding@mozilla.org.xpi
1508254871551	addons.xpi	DEBUG	New add-on screenshots@mozilla.org in app-system-defaults
1508254871551	addons.xpi	INFO	Mapping screenshots@mozilla.org to C:\Program Files\Mozilla Firefox\browser\features\screenshots@mozilla.org.xpi
1508254871551	addons.xpi	DEBUG	New add-on shield-recipe-client@mozilla.org in app-system-defaults
1508254871551	addons.xpi	INFO	Mapping shield-recipe-client@mozilla.org to C:\Program Files\Mozilla Firefox\browser\features\shield-recipe-client@mozilla.org.xpi
1508254871551	addons.xpi	DEBUG	New add-on webcompat@mozilla.org in app-system-defaults
1508254871551	addons.xpi	INFO	Mapping webcompat@mozilla.org to C:\Program Files\Mozilla Firefox\browser\features\webcompat@mozilla.org.xpi
1508254871552	addons.xpi	INFO	Mapping {972ce4c6-7e08-4474-a285-3208198ce6fd} to C:\Program Files\Mozilla Firefox\browser\extensions\{972ce4c6-7e08-4474-a285-3208198ce6fd}.xpi
1508254871552	addons.xpi	DEBUG	New add-on {972ce4c6-7e08-4474-a285-3208198ce6fd} in app-global
1508254871553	addons.xpi	INFO	Mapping {972ce4c6-7e08-4474-a285-3208198ce6fd} to C:\Program Files\Mozilla Firefox\browser\extensions\{972ce4c6-7e08-4474-a285-3208198ce6fd}.xpi
1508254871553	addons.xpi	DEBUG	getInstallState changed: true, state: {}
1508254871553	addons.xpi	INFO	SystemAddonInstallLocation directory is missing
1508254871566	addons.xpi-utils	DEBUG	Opening XPI database C:\Users\Administrator\AppData\Local\Temp\8\rust_mozprofile.q7LhkdWFJXUq\extensions.json
1508254871568	addons.xpi-utils	DEBUG	New add-on activity-stream@mozilla.org installed in app-system-defaults
*** Blocklist::_loadBlocklistFromFile: blocklist is disabled
1508254871588	DeferredSave.extensions.json	DEBUG	Save changes
1508254871589	addons.xpi-utils	DEBUG	New add-on aushelper@mozilla.org installed in app-system-defaults
1508254871590	DeferredSave.extensions.json	DEBUG	Starting timer
1508254871591	DeferredSave.extensions.json	DEBUG	Save changes
1508254871591	addons.xpi-utils	DEBUG	New add-on clicktoplay-rollout@mozilla.org installed in app-system-defaults
1508254871593	DeferredSave.extensions.json	DEBUG	Save changes
1508254871593	addons.xpi-utils	DEBUG	New add-on e10srollout@mozilla.org installed in app-system-defaults
1508254871596	DeferredSave.extensions.json	DEBUG	Save changes
1508254871596	addons.xpi-utils	DEBUG	New add-on firefox@getpocket.com installed in app-system-defaults
1508254871598	DeferredSave.extensions.json	DEBUG	Save changes
1508254871599	addons.xpi-utils	DEBUG	New add-on followonsearch@mozilla.com installed in app-system-defaults
1508254871600	DeferredSave.extensions.json	DEBUG	Save changes
1508254871601	addons.xpi-utils	DEBUG	New add-on formautofill@mozilla.org installed in app-system-defaults
1508254871602	DeferredSave.extensions.json	DEBUG	Save changes
1508254871602	addons.xpi-utils	DEBUG	New add-on onboarding@mozilla.org installed in app-system-defaults
1508254871604	DeferredSave.extensions.json	DEBUG	Save changes
1508254871604	addons.xpi-utils	DEBUG	New add-on screenshots@mozilla.org installed in app-system-defaults
1508254871607	DeferredSave.extensions.json	DEBUG	Save changes
1508254871607	addons.xpi-utils	DEBUG	New add-on shield-recipe-client@mozilla.org installed in app-system-defaults
1508254871609	DeferredSave.extensions.json	DEBUG	Save changes
1508254871609	addons.xpi-utils	DEBUG	New add-on webcompat@mozilla.org installed in app-system-defaults
1508254871612	DeferredSave.extensions.json	DEBUG	Save changes
1508254871613	addons.xpi-utils	DEBUG	New add-on {972ce4c6-7e08-4474-a285-3208198ce6fd} installed in app-global
1508254871614	DeferredSave.extensions.json	DEBUG	Save changes
1508254871615	addons.manager	DEBUG	Registering startup change 'installed' for activity-stream@mozilla.org
1508254871620	addons.xpi	DEBUG	Loading bootstrap scope from C:\Program Files\Mozilla Firefox\browser\features\activity-stream@mozilla.org.xpi
1508254871622	addons.xpi	DEBUG	Calling bootstrap method install on activity-stream@mozilla.org version 0.0.0
1508254871622	addons.xpi-utils	DEBUG	Make addon app-system-defaults:activity-stream@mozilla.org visible
1508254871622	addons.xpi	DEBUG	Updating XPIState for {"id":"activity-stream@mozilla.org","syncGUID":"{26e7e93d-8405-43fc-9927-6e7fcccafca0}","location":"app-system-defaults","version":"0.0.0","type":"extension","internalName":null,"updateURL":null,"updateKey":null,"optionsURL":null,"optionsType":null,"aboutURL":null,"defaultLocale":{"name":"Activity Stream","description":"A rich visual history feed and a reimagined home page make it easier than ever to find exactly what you're looking for in Firefox.","creator":null,"homepageURL":null},"visible":true,"active":false,"userDisabled":false,"appDisabled":false,"installDate":1507274299518,"updateDate":1507274299518,"applyBackgroundUpdates":1,"bootstrap":true,"path":"C:\\Program Files\\Mozilla Firefox\\browser\\features\\activity-stream@mozilla.org.xpi","skinnable":false,"size":1280296,"sourceURI":null,"releaseNotesURI":null,"softDisabled":false,"foreignInstall":false,"hasBinaryComponents":false,"strictCompatibility":false,"locales":[],"targetApplications":[{"id":"{ec8030f7-c20a-464f-9b0e-13a3a9e97384}","minVersion":"56.0","maxVersion":"56.*"}],"targetPlatforms":[],"multiprocessCompatible":true,"seen":true,"dependencies":[],"hasEmbeddedWebExtension":false,"mpcOptedOut":false,"userPermissions":null,"icons":{},"iconURL":null,"icon64URL":null,"blocklistState":0,"blocklistURL":null}
1508254871624	DeferredSave.extensions.json	DEBUG	Save changes
1508254871624	addons.manager	DEBUG	Registering startup change 'installed' for aushelper@mozilla.org
1508254871625	addons.xpi	DEBUG	Loading bootstrap scope from C:\Program Files\Mozilla Firefox\browser\features\aushelper@mozilla.org.xpi
1508254871626	addons.xpi	DEBUG	Calling bootstrap method install on aushelper@mozilla.org version 2.0
1508254871626	addons.xpi-utils	DEBUG	Make addon app-system-defaults:aushelper@mozilla.org visible
1508254871627	addons.xpi	DEBUG	Updating XPIState for {"id":"aushelper@mozilla.org","syncGUID":"{7415bd9a-2aec-4072-83f6-0b4f0ca52445}","location":"app-system-defaults","version":"2.0","type":"extension","internalName":null,"updateURL":null,"updateKey":null,"optionsURL":null,"optionsType":null,"aboutURL":null,"defaultLocale":{"name":"Application Update Service Helper","description":"Sets value(s) in the update url based on custom checks.","creator":null,"homepageURL":null},"visible":true,"active":false,"userDisabled":false,"appDisabled":false,"installDate":1507274299222,"updateDate":1507274299222,"applyBackgroundUpdates":1,"bootstrap":true,"path":"C:\\Program Files\\Mozilla Firefox\\browser\\features\\aushelper@mozilla.org.xpi","skinnable":false,"size":8486,"sourceURI":null,"releaseNotesURI":null,"softDisabled":false,"foreignInstall":false,"hasBinaryComponents":false,"strictCompatibility":false,"locales":[],"targetApplications":[{"id":"{ec8030f7-c20a-464f-9b0e-13a3a9e97384}","minVersion":"56.0","maxVersion":"56.*"}],"targetPlatforms":[],"multiprocessCompatible":true,"seen":true,"dependencies":[],"hasEmbeddedWebExtension":false,"mpcOptedOut":false,"userPermissions":null,"icons":{},"iconURL":null,"icon64URL":null,"blocklistState":0,"blocklistURL":null}
1508254871627	DeferredSave.extensions.json	DEBUG	Save changes
1508254871627	addons.manager	DEBUG	Registering startup change 'installed' for clicktoplay-rollout@mozilla.org
1508254871628	addons.xpi	DEBUG	Loading bootstrap scope from C:\Program Files\Mozilla Firefox\browser\features\clicktoplay-rollout@mozilla.org.xpi
1508254871635	addons.xpi	DEBUG	Calling bootstrap method install on clicktoplay-rollout@mozilla.org version 1.4
1508254871635	addons.xpi-utils	DEBUG	Make addon app-system-defaults:clicktoplay-rollout@mozilla.org visible
1508254871635	addons.xpi	DEBUG	Updating XPIState for {"id":"clicktoplay-rollout@mozilla.org","syncGUID":"{37ccdaa3-d65a-4752-b0e3-76050fcbbe6f}","location":"app-system-defaults","version":"1.4","type":"extension","internalName":null,"updateURL":null,"updateKey":null,"optionsURL":null,"optionsType":null,"aboutURL":null,"defaultLocale":{"name":"Click-to-Play staged rollout","description":"Staged rollout for Click-to-Play Flash.","creator":null,"homepageURL":null},"visible":true,"active":false,"userDisabled":false,"appDisabled":false,"installDate":1507274299222,"updateDate":1507274299222,"applyBackgroundUpdates":1,"bootstrap":true,"path":"C:\\Program Files\\Mozilla Firefox\\browser\\features\\clicktoplay-rollout@mozilla.org.xpi","skinnable":false,"size":5779,"sourceURI":null,"releaseNotesURI":null,"softDisabled":false,"foreignInstall":false,"hasBinaryComponents":false,"strictCompatibility":false,"locales":[],"targetApplications":[{"id":"{ec8030f7-c20a-464f-9b0e-13a3a9e97384}","minVersion":"56.0","maxVersion":"56.*"}],"targetPlatforms":[],"multiprocessCompatible":true,"seen":true,"dependencies":[],"hasEmbeddedWebExtension":false,"mpcOptedOut":false,"userPermissions":null,"icons":{},"iconURL":null,"icon64URL":null,"blocklistState":0,"blocklistURL":null}
1508254871635	DeferredSave.extensions.json	DEBUG	Save changes
1508254871635	addons.manager	DEBUG	Registering startup change 'installed' for e10srollout@mozilla.org
1508254871636	addons.xpi	DEBUG	Loading bootstrap scope from C:\Program Files\Mozilla Firefox\browser\features\e10srollout@mozilla.org.xpi
1508254871637	addons.xpi	DEBUG	Calling bootstrap method install on e10srollout@mozilla.org version 3.00
1508254871638	addons.xpi-utils	DEBUG	Make addon app-system-defaults:e10srollout@mozilla.org visible
1508254871638	addons.xpi	DEBUG	Updating XPIState for {"id":"e10srollout@mozilla.org","syncGUID":"{7b0c72d4-ea7e-4cc5-b06d-cce2cf7bcf07}","location":"app-system-defaults","version":"3.00","type":"extension","internalName":null,"updateURL":null,"updateKey":null,"optionsURL":null,"optionsType":null,"aboutURL":null,"defaultLocale":{"name":"Multi-process staged rollout","description":"Staged rollout of Firefox multi-process feature.","creator":null,"homepageURL":null},"visible":true,"active":false,"userDisabled":false,"appDisabled":false,"installDate":1507274299222,"updateDate":1507274299222,"applyBackgroundUpdates":1,"bootstrap":true,"path":"C:\\Program Files\\Mozilla Firefox\\browser\\features\\e10srollout@mozilla.org.xpi","skinnable":false,"size":13710,"sourceURI":null,"releaseNotesURI":null,"softDisabled":false,"foreignInstall":false,"hasBinaryComponents":false,"strictCompatibility":false,"locales":[],"targetApplications":[{"id":"{ec8030f7-c20a-464f-9b0e-13a3a9e97384}","minVersion":"56.0","maxVersion":"56.*"}],"targetPlatforms":[],"multiprocessCompatible":true,"seen":true,"dependencies":[],"hasEmbeddedWebExtension":false,"mpcOptedOut":false,"userPermissions":null,"icons":{},"iconURL":null,"icon64URL":null,"blocklistState":0,"blocklistURL":null}
1508254871638	DeferredSave.extensions.json	DEBUG	Save changes
1508254871638	addons.manager	DEBUG	Registering startup change 'installed' for firefox@getpocket.com
1508254871639	addons.xpi	DEBUG	Loading bootstrap scope from C:\Program Files\Mozilla Firefox\browser\features\firefox@getpocket.com.xpi
1508254871642	addons.xpi	DEBUG	Calling bootstrap method install on firefox@getpocket.com version 1.0.5
1508254871642	addons.xpi-utils	DEBUG	Make addon app-system-defaults:firefox@getpocket.com visible
1508254871642	addons.xpi	DEBUG	Updating XPIState for {"id":"firefox@getpocket.com","syncGUID":"{f13ce551-9cc4-490c-ac64-bbfe46809777}","location":"app-system-defaults","version":"1.0.5","type":"extension","internalName":null,"updateURL":null,"updateKey":null,"optionsURL":null,"optionsType":null,"aboutURL":null,"defaultLocale":{"name":"Pocket","description":"When you find something you want to view later, put it in Pocket.","creator":null,"homepageURL":null},"visible":true,"active":false,"userDisabled":false,"appDisabled":false,"installDate":1507274299222,"updateDate":1507274299222,"applyBackgroundUpdates":1,"bootstrap":true,"path":"C:\\Program Files\\Mozilla Firefox\\browser\\features\\firefox@getpocket.com.xpi","skinnable":false,"size":1002093,"sourceURI":null,"releaseNotesURI":null,"softDisabled":false,"foreignInstall":false,"hasBinaryComponents":false,"strictCompatibility":false,"locales":[],"targetApplications":[{"id":"{ec8030f7-c20a-464f-9b0e-13a3a9e97384}","minVersion":"56.0","maxVersion":"56.*"}],"targetPlatforms":[],"multiprocessCompatible":true,"seen":true,"dependencies":[],"hasEmbeddedWebExtension":false,"mpcOptedOut":false,"userPermissions":null,"icons":{},"iconURL":null,"icon64URL":null,"blocklistState":0,"blocklistURL":null}
1508254871643	DeferredSave.extensions.json	DEBUG	Save changes
1508254871643	addons.manager	DEBUG	Registering startup change 'installed' for followonsearch@mozilla.com
1508254871643	addons.xpi	DEBUG	Loading bootstrap scope from C:\Program Files\Mozilla Firefox\browser\features\followonsearch@mozilla.com.xpi
1508254871645	addons.xpi	DEBUG	Calling bootstrap method install on followonsearch@mozilla.com version 0.9.3
1508254871645	addons.xpi-utils	DEBUG	Make addon app-system-defaults:followonsearch@mozilla.com visible
1508254871645	addons.xpi	DEBUG	Updating XPIState for {"id":"followonsearch@mozilla.com","syncGUID":"{754b1739-3c70-4bb7-985b-791e46af81ee}","location":"app-system-defaults","version":"0.9.3","type":"extension","internalName":null,"updateURL":null,"updateKey":null,"optionsURL":null,"optionsType":null,"aboutURL":null,"defaultLocale":{"name":"Follow-on Search Telemetry","description":null,"creator":null,"homepageURL":null},"visible":true,"active":false,"userDisabled":false,"appDisabled":false,"installDate":1507274299206,"updateDate":1507274299206,"applyBackgroundUpdates":1,"bootstrap":true,"path":"C:\\Program Files\\Mozilla Firefox\\browser\\features\\followonsearch@mozilla.com.xpi","skinnable":false,"size":16802,"sourceURI":null,"releaseNotesURI":null,"softDisabled":false,"foreignInstall":false,"hasBinaryComponents":false,"strictCompatibility":false,"locales":[],"targetApplications":[{"id":"{ec8030f7-c20a-464f-9b0e-13a3a9e97384}","minVersion":"52.0","maxVersion":"59.*"}],"targetPlatforms":[],"multiprocessCompatible":true,"seen":true,"dependencies":[],"hasEmbeddedWebExtension":false,"mpcOptedOut":false,"userPermissions":null,"icons":{},"iconURL":null,"icon64URL":null,"blocklistState":0,"blocklistURL":null}
1508254871645	DeferredSave.extensions.json	DEBUG	Save changes
1508254871645	addons.manager	DEBUG	Registering startup change 'installed' for formautofill@mozilla.org
1508254871646	addons.xpi	DEBUG	Loading bootstrap scope from C:\Program Files\Mozilla Firefox\browser\features\formautofill@mozilla.org.xpi
1508254871647	addons.xpi	DEBUG	Calling bootstrap method install on formautofill@mozilla.org version 1.0
1508254871647	addons.xpi-utils	DEBUG	Make addon app-system-defaults:formautofill@mozilla.org visible
1508254871647	addons.xpi	DEBUG	Updating XPIState for {"id":"formautofill@mozilla.org","syncGUID":"{e2ea008c-0604-43c6-ae2a-251b8558eb71}","location":"app-system-defaults","version":"1.0","type":"extension","internalName":null,"updateURL":null,"updateKey":null,"optionsURL":null,"optionsType":null,"aboutURL":null,"defaultLocale":{"name":"Form Autofill","description":"Autofill forms with saved profiles","creator":null,"homepageURL":null},"visible":true,"active":false,"userDisabled":false,"appDisabled":false,"installDate":1507274299362,"updateDate":1507274299362,"applyBackgroundUpdates":1,"bootstrap":true,"path":"C:\\Program Files\\Mozilla Firefox\\browser\\features\\formautofill@mozilla.org.xpi","skinnable":false,"size":335585,"sourceURI":null,"releaseNotesURI":null,"softDisabled":false,"foreignInstall":false,"hasBinaryComponents":false,"strictCompatibility":false,"locales":[],"targetApplications":[{"id":"{ec8030f7-c20a-464f-9b0e-13a3a9e97384}","minVersion":"56.0","maxVersion":"56.*"}],"targetPlatforms":[],"multiprocessCompatible":true,"seen":true,"dependencies":[],"hasEmbeddedWebExtension":false,"mpcOptedOut":false,"userPermissions":null,"icons":{},"iconURL":null,"icon64URL":null,"blocklistState":0,"blocklistURL":null}
1508254871647	DeferredSave.extensions.json	DEBUG	Save changes
1508254871648	addons.manager	DEBUG	Registering startup change 'installed' for onboarding@mozilla.org
1508254871648	addons.xpi	DEBUG	Loading bootstrap scope from C:\Program Files\Mozilla Firefox\browser\features\onboarding@mozilla.org.xpi
1508254871651	addons.xpi	DEBUG	Calling bootstrap method install on onboarding@mozilla.org version 0.1
1508254871651	addons.xpi-utils	DEBUG	Make addon app-system-defaults:onboarding@mozilla.org visible
1508254871651	addons.xpi	DEBUG	Updating XPIState for {"id":"onboarding@mozilla.org","syncGUID":"{50d37a30-16db-47e1-8d81-9e0ff68ddf7b}","location":"app-system-defaults","version":"0.1","type":"extension","internalName":null,"updateURL":null,"updateKey":null,"optionsURL":null,"optionsType":null,"aboutURL":null,"defaultLocale":{"name":"Photon onboarding","description":"Photon onboarding","creator":null,"homepageURL":null},"visible":true,"active":false,"userDisabled":false,"appDisabled":false,"installDate":1507274299331,"updateDate":1507274299331,"applyBackgroundUpdates":1,"bootstrap":true,"path":"C:\\Program Files\\Mozilla Firefox\\browser\\features\\onboarding@mozilla.org.xpi","skinnable":false,"size":426346,"sourceURI":null,"releaseNotesURI":null,"softDisabled":false,"foreignInstall":false,"hasBinaryComponents":false,"strictCompatibility":false,"locales":[],"targetApplications":[{"id":"{ec8030f7-c20a-464f-9b0e-13a3a9e97384}","minVersion":"56.0","maxVersion":"56.*"}],"targetPlatforms":[],"multiprocessCompatible":true,"seen":true,"dependencies":[],"hasEmbeddedWebExtension":false,"mpcOptedOut":false,"userPermissions":null,"icons":{},"iconURL":null,"icon64URL":null,"blocklistState":0,"blocklistURL":null}
1508254871652	DeferredSave.extensions.json	DEBUG	Save changes
1508254871652	addons.manager	DEBUG	Registering startup change 'installed' for screenshots@mozilla.org
1508254871652	addons.xpi	DEBUG	Loading bootstrap scope from C:\Program Files\Mozilla Firefox\browser\features\screenshots@mozilla.org.xpi
1508254871653	addons.xpi	DEBUG	Calling bootstrap method install on screenshots@mozilla.org version 10.12.0
1508254871653	addons.xpi-utils	DEBUG	Make addon app-system-defaults:screenshots@mozilla.org visible
1508254871654	addons.xpi	DEBUG	Updating XPIState for {"id":"screenshots@mozilla.org","syncGUID":"{9dd6c780-9242-48f0-922d-29e1ddd7ca4b}","location":"app-system-defaults","version":"10.12.0","type":"extension","internalName":null,"updateURL":null,"updateKey":null,"optionsURL":null,"optionsType":null,"aboutURL":null,"defaultLocale":{"name":"Firefox Screenshots","description":null,"creator":null,"homepageURL":"https://pageshot.net/"},"visible":true,"active":false,"userDisabled":false,"appDisabled":false,"installDate":1507274299206,"updateDate":1507274299206,"applyBackgroundUpdates":1,"bootstrap":true,"path":"C:\\Program Files\\Mozilla Firefox\\browser\\features\\screenshots@mozilla.org.xpi","skinnable":false,"size":714554,"sourceURI":null,"releaseNotesURI":null,"softDisabled":false,"foreignInstall":false,"hasBinaryComponents":false,"strictCompatibility":false,"locales":[],"targetApplications":[{"id":"{ec8030f7-c20a-464f-9b0e-13a3a9e97384}","minVersion":"51.0a1","maxVersion":"*"}],"targetPlatforms":[],"multiprocessCompatible":true,"seen":true,"dependencies":[],"hasEmbeddedWebExtension":false,"mpcOptedOut":false,"userPermissions":null,"icons":{},"iconURL":null,"icon64URL":null,"blocklistState":0,"blocklistURL":null}
1508254871654	DeferredSave.extensions.json	DEBUG	Save changes
1508254871654	addons.manager	DEBUG	Registering startup change 'installed' for shield-recipe-client@mozilla.org
1508254871654	addons.xpi	DEBUG	Loading bootstrap scope from C:\Program Files\Mozilla Firefox\browser\features\shield-recipe-client@mozilla.org.xpi
1508254871656	addons.xpi	DEBUG	Calling bootstrap method install on shield-recipe-client@mozilla.org version 65
1508254871656	addons.xpi-utils	DEBUG	Make addon app-system-defaults:shield-recipe-client@mozilla.org visible
1508254871656	addons.xpi	DEBUG	Updating XPIState for {"id":"shield-recipe-client@mozilla.org","syncGUID":"{1c4bae17-ef94-4487-84f7-9e663170aac8}","location":"app-system-defaults","version":"65","type":"extension","internalName":null,"updateURL":null,"updateKey":null,"optionsURL":null,"optionsType":null,"aboutURL":null,"defaultLocale":{"name":"Shield Recipe Client","description":"Client to download and run recipes for SHIELD, Heartbeat, etc.","creator":null,"homepageURL":null},"visible":true,"active":false,"userDisabled":false,"appDisabled":false,"installDate":1507274299206,"updateDate":1507274299206,"applyBackgroundUpdates":1,"bootstrap":true,"path":"C:\\Program Files\\Mozilla Firefox\\browser\\features\\shield-recipe-client@mozilla.org.xpi","skinnable":false,"size":362688,"sourceURI":null,"releaseNotesURI":null,"softDisabled":false,"foreignInstall":false,"hasBinaryComponents":false,"strictCompatibility":false,"locales":[],"targetApplications":[{"id":"{ec8030f7-c20a-464f-9b0e-13a3a9e97384}","minVersion":"56.0","maxVersion":"56.*"}],"targetPlatforms":[],"multiprocessCompatible":true,"seen":true,"dependencies":[],"hasEmbeddedWebExtension":false,"mpcOptedOut":false,"userPermissions":null,"icons":{},"iconURL":null,"icon64URL":null,"blocklistState":0,"blocklistURL":null}
1508254871656	DeferredSave.extensions.json	DEBUG	Save changes
1508254871656	addons.manager	DEBUG	Registering startup change 'installed' for webcompat@mozilla.org
1508254871657	addons.xpi	DEBUG	Loading bootstrap scope from C:\Program Files\Mozilla Firefox\browser\features\webcompat@mozilla.org.xpi
1508254871658	addons.xpi	DEBUG	Calling bootstrap method install on webcompat@mozilla.org version 1.1
1508254871658	addons.xpi-utils	DEBUG	Make addon app-system-defaults:webcompat@mozilla.org visible
1508254871659	addons.xpi	DEBUG	Updating XPIState for {"id":"webcompat@mozilla.org","syncGUID":"{1a65bdf4-e2c4-430c-a1ed-ffc225307ef0}","location":"app-system-defaults","version":"1.1","type":"extension","internalName":null,"updateURL":null,"updateKey":null,"optionsURL":null,"optionsType":null,"aboutURL":null,"defaultLocale":{"name":"Web Compat","description":"Urgent post-release fixes for web compatibility.","creator":null,"homepageURL":null},"visible":true,"active":false,"userDisabled":false,"appDisabled":false,"installDate":1507274299190,"updateDate":1507274299190,"applyBackgroundUpdates":1,"bootstrap":true,"path":"C:\\Program Files\\Mozilla Firefox\\browser\\features\\webcompat@mozilla.org.xpi","skinnable":false,"size":8990,"sourceURI":null,"releaseNotesURI":null,"softDisabled":false,"foreignInstall":false,"hasBinaryComponents":false,"strictCompatibility":false,"locales":[],"targetApplications":[{"id":"{ec8030f7-c20a-464f-9b0e-13a3a9e97384}","minVersion":"56.0","maxVersion":"56.*"}],"targetPlatforms":[],"multiprocessCompatible":true,"seen":true,"dependencies":[],"hasEmbeddedWebExtension":false,"mpcOptedOut":false,"userPermissions":null,"icons":{},"iconURL":null,"icon64URL":null,"blocklistState":0,"blocklistURL":null}
1508254871660	DeferredSave.extensions.json	DEBUG	Save changes
1508254871660	addons.xpi-utils	DEBUG	Make addon app-global:{972ce4c6-7e08-4474-a285-3208198ce6fd} visible
1508254871660	addons.xpi	DEBUG	Updating XPIState for {"id":"{972ce4c6-7e08-4474-a285-3208198ce6fd}","syncGUID":"{ee2aa2b1-35a4-4757-ab93-57fe43ce6127}","location":"app-global","version":"56.0","type":"theme","internalName":"classic/1.0","updateURL":null,"updateKey":null,"optionsURL":null,"optionsType":null,"optionsBrowserStyle":null,"aboutURL":null,"defaultLocale":{"name":"Default","description":"The default theme.","creator":"Mozilla","homepageURL":null,"contributors":["Mozilla Contributors"]},"visible":true,"active":false,"userDisabled":false,"appDisabled":false,"installDate":1507274299237,"updateDate":1507274299237,"applyBackgroundUpdates":1,"path":"C:\\Program Files\\Mozilla Firefox\\browser\\extensions\\{972ce4c6-7e08-4474-a285-3208198ce6fd}.xpi","skinnable":true,"size":7141,"sourceURI":null,"releaseNotesURI":null,"softDisabled":false,"foreignInstall":false,"hasBinaryComponents":false,"strictCompatibility":true,"locales":[],"targetApplications":[{"id":"{ec8030f7-c20a-464f-9b0e-13a3a9e97384}","minVersion":"56.0","maxVersion":"56.0"}],"targetPlatforms":[],"seen":true,"dependencies":[],"hasEmbeddedWebExtension":false,"userPermissions":null,"icons":{},"iconURL":"chrome://browser/content/default-theme-icon.svg","icon64URL":null,"blocklistState":0,"blocklistURL":null}
1508254871660	DeferredSave.extensions.json	DEBUG	Save changes
1508254871660	addons.xpi	DEBUG	Updating XPIState for {"id":"activity-stream@mozilla.org","syncGUID":"{26e7e93d-8405-43fc-9927-6e7fcccafca0}","location":"app-system-defaults","version":"0.0.0","type":"extension","internalName":null,"updateURL":null,"updateKey":null,"optionsURL":null,"optionsType":null,"aboutURL":null,"defaultLocale":{"name":"Activity Stream","description":"A rich visual history feed and a reimagined home page make it easier than ever to find exactly what you're looking for in Firefox.","creator":null,"homepageURL":null},"visible":true,"active":true,"userDisabled":false,"appDisabled":false,"installDate":1507274299518,"updateDate":1507274299518,"applyBackgroundUpdates":1,"bootstrap":true,"path":"C:\\Program Files\\Mozilla Firefox\\browser\\features\\activity-stream@mozilla.org.xpi","skinnable":false,"size":1280296,"sourceURI":null,"releaseNotesURI":null,"softDisabled":false,"foreignInstall":false,"hasBinaryComponents":false,"strictCompatibility":false,"locales":[],"targetApplications":[{"id":"{ec8030f7-c20a-464f-9b0e-13a3a9e97384}","minVersion":"56.0","maxVersion":"56.*"}],"targetPlatforms":[],"multiprocessCompatible":true,"seen":true,"dependencies":[],"hasEmbeddedWebExtension":false,"mpcOptedOut":false,"userPermissions":null,"icons":{},"iconURL":null,"icon64URL":null,"blocklistState":0,"blocklistURL":null}
1508254871661	addons.xpi	DEBUG	Updating XPIState for {"id":"aushelper@mozilla.org","syncGUID":"{7415bd9a-2aec-4072-83f6-0b4f0ca52445}","location":"app-system-defaults","version":"2.0","type":"extension","internalName":null,"updateURL":null,"updateKey":null,"optionsURL":null,"optionsType":null,"aboutURL":null,"defaultLocale":{"name":"Application Update Service Helper","description":"Sets value(s) in the update url based on custom checks.","creator":null,"homepageURL":null},"visible":true,"active":true,"userDisabled":false,"appDisabled":false,"installDate":1507274299222,"updateDate":1507274299222,"applyBackgroundUpdates":1,"bootstrap":true,"path":"C:\\Program Files\\Mozilla Firefox\\browser\\features\\aushelper@mozilla.org.xpi","skinnable":false,"size":8486,"sourceURI":null,"releaseNotesURI":null,"softDisabled":false,"foreignInstall":false,"hasBinaryComponents":false,"strictCompatibility":false,"locales":[],"targetApplications":[{"id":"{ec8030f7-c20a-464f-9b0e-13a3a9e97384}","minVersion":"56.0","maxVersion":"56.*"}],"targetPlatforms":[],"multiprocessCompatible":true,"seen":true,"dependencies":[],"hasEmbeddedWebExtension":false,"mpcOptedOut":false,"userPermissions":null,"icons":{},"iconURL":null,"icon64URL":null,"blocklistState":0,"blocklistURL":null}
1508254871661	addons.xpi	DEBUG	Updating XPIState for {"id":"clicktoplay-rollout@mozilla.org","syncGUID":"{37ccdaa3-d65a-4752-b0e3-76050fcbbe6f}","location":"app-system-defaults","version":"1.4","type":"extension","internalName":null,"updateURL":null,"updateKey":null,"optionsURL":null,"optionsType":null,"aboutURL":null,"defaultLocale":{"name":"Click-to-Play staged rollout","description":"Staged rollout for Click-to-Play Flash.","creator":null,"homepageURL":null},"visible":true,"active":true,"userDisabled":false,"appDisabled":false,"installDate":1507274299222,"updateDate":1507274299222,"applyBackgroundUpdates":1,"bootstrap":true,"path":"C:\\Program Files\\Mozilla Firefox\\browser\\features\\clicktoplay-rollout@mozilla.org.xpi","skinnable":false,"size":5779,"sourceURI":null,"releaseNotesURI":null,"softDisabled":false,"foreignInstall":false,"hasBinaryComponents":false,"strictCompatibility":false,"locales":[],"targetApplications":[{"id":"{ec8030f7-c20a-464f-9b0e-13a3a9e97384}","minVersion":"56.0","maxVersion":"56.*"}],"targetPlatforms":[],"multiprocessCompatible":true,"seen":true,"dependencies":[],"hasEmbeddedWebExtension":false,"mpcOptedOut":false,"userPermissions":null,"icons":{},"iconURL":null,"icon64URL":null,"blocklistState":0,"blocklistURL":null}
1508254871661	addons.xpi	DEBUG	Updating XPIState for {"id":"e10srollout@mozilla.org","syncGUID":"{7b0c72d4-ea7e-4cc5-b06d-cce2cf7bcf07}","location":"app-system-defaults","version":"3.00","type":"extension","internalName":null,"updateURL":null,"updateKey":null,"optionsURL":null,"optionsType":null,"aboutURL":null,"defaultLocale":{"name":"Multi-process staged rollout","description":"Staged rollout of Firefox multi-process feature.","creator":null,"homepageURL":null},"visible":true,"active":true,"userDisabled":false,"appDisabled":false,"installDate":1507274299222,"updateDate":1507274299222,"applyBackgroundUpdates":1,"bootstrap":true,"path":"C:\\Program Files\\Mozilla Firefox\\browser\\features\\e10srollout@mozilla.org.xpi","skinnable":false,"size":13710,"sourceURI":null,"releaseNotesURI":null,"softDisabled":false,"foreignInstall":false,"hasBinaryComponents":false,"strictCompatibility":false,"locales":[],"targetApplications":[{"id":"{ec8030f7-c20a-464f-9b0e-13a3a9e97384}","minVersion":"56.0","maxVersion":"56.*"}],"targetPlatforms":[],"multiprocessCompatible":true,"seen":true,"dependencies":[],"hasEmbeddedWebExtension":false,"mpcOptedOut":false,"userPermissions":null,"icons":{},"iconURL":null,"icon64URL":null,"blocklistState":0,"blocklistURL":null}
1508254871661	addons.xpi	DEBUG	Updating XPIState for {"id":"firefox@getpocket.com","syncGUID":"{f13ce551-9cc4-490c-ac64-bbfe46809777}","location":"app-system-defaults","version":"1.0.5","type":"extension","internalName":null,"updateURL":null,"updateKey":null,"optionsURL":null,"optionsType":null,"aboutURL":null,"defaultLocale":{"name":"Pocket","description":"When you find something you want to view later, put it in Pocket.","creator":null,"homepageURL":null},"visible":true,"active":true,"userDisabled":false,"appDisabled":false,"installDate":1507274299222,"updateDate":1507274299222,"applyBackgroundUpdates":1,"bootstrap":true,"path":"C:\\Program Files\\Mozilla Firefox\\browser\\features\\firefox@getpocket.com.xpi","skinnable":false,"size":1002093,"sourceURI":null,"releaseNotesURI":null,"softDisabled":false,"foreignInstall":false,"hasBinaryComponents":false,"strictCompatibility":false,"locales":[],"targetApplications":[{"id":"{ec8030f7-c20a-464f-9b0e-13a3a9e97384}","minVersion":"56.0","maxVersion":"56.*"}],"targetPlatforms":[],"multiprocessCompatible":true,"seen":true,"dependencies":[],"hasEmbeddedWebExtension":false,"mpcOptedOut":false,"userPermissions":null,"icons":{},"iconURL":null,"icon64URL":null,"blocklistState":0,"blocklistURL":null}
1508254871661	addons.xpi	DEBUG	Updating XPIState for {"id":"followonsearch@mozilla.com","syncGUID":"{754b1739-3c70-4bb7-985b-791e46af81ee}","location":"app-system-defaults","version":"0.9.3","type":"extension","internalName":null,"updateURL":null,"updateKey":null,"optionsURL":null,"optionsType":null,"aboutURL":null,"defaultLocale":{"name":"Follow-on Search Telemetry","description":null,"creator":null,"homepageURL":null},"visible":true,"active":true,"userDisabled":false,"appDisabled":false,"installDate":1507274299206,"updateDate":1507274299206,"applyBackgroundUpdates":1,"bootstrap":true,"path":"C:\\Program Files\\Mozilla Firefox\\browser\\features\\followonsearch@mozilla.com.xpi","skinnable":false,"size":16802,"sourceURI":null,"releaseNotesURI":null,"softDisabled":false,"foreignInstall":false,"hasBinaryComponents":false,"strictCompatibility":false,"locales":[],"targetApplications":[{"id":"{ec8030f7-c20a-464f-9b0e-13a3a9e97384}","minVersion":"52.0","maxVersion":"59.*"}],"targetPlatforms":[],"multiprocessCompatible":true,"seen":true,"dependencies":[],"hasEmbeddedWebExtension":false,"mpcOptedOut":false,"userPermissions":null,"icons":{},"iconURL":null,"icon64URL":null,"blocklistState":0,"blocklistURL":null}
1508254871661	addons.xpi	DEBUG	Updating XPIState for {"id":"formautofill@mozilla.org","syncGUID":"{e2ea008c-0604-43c6-ae2a-251b8558eb71}","location":"app-system-defaults","version":"1.0","type":"extension","internalName":null,"updateURL":null,"updateKey":null,"optionsURL":null,"optionsType":null,"aboutURL":null,"defaultLocale":{"name":"Form Autofill","description":"Autofill forms with saved profiles","creator":null,"homepageURL":null},"visible":true,"active":true,"userDisabled":false,"appDisabled":false,"installDate":1507274299362,"updateDate":1507274299362,"applyBackgroundUpdates":1,"bootstrap":true,"path":"C:\\Program Files\\Mozilla Firefox\\browser\\features\\formautofill@mozilla.org.xpi","skinnable":false,"size":335585,"sourceURI":null,"releaseNotesURI":null,"softDisabled":false,"foreignInstall":false,"hasBinaryComponents":false,"strictCompatibility":false,"locales":[],"targetApplications":[{"id":"{ec8030f7-c20a-464f-9b0e-13a3a9e97384}","minVersion":"56.0","maxVersion":"56.*"}],"targetPlatforms":[],"multiprocessCompatible":true,"seen":true,"dependencies":[],"hasEmbeddedWebExtension":false,"mpcOptedOut":false,"userPermissions":null,"icons":{},"iconURL":null,"icon64URL":null,"blocklistState":0,"blocklistURL":null}
1508254871661	addons.xpi	DEBUG	Updating XPIState for {"id":"onboarding@mozilla.org","syncGUID":"{50d37a30-16db-47e1-8d81-9e0ff68ddf7b}","location":"app-system-defaults","version":"0.1","type":"extension","internalName":null,"updateURL":null,"updateKey":null,"optionsURL":null,"optionsType":null,"aboutURL":null,"defaultLocale":{"name":"Photon onboarding","description":"Photon onboarding","creator":null,"homepageURL":null},"visible":true,"active":true,"userDisabled":false,"appDisabled":false,"installDate":1507274299331,"updateDate":1507274299331,"applyBackgroundUpdates":1,"bootstrap":true,"path":"C:\\Program Files\\Mozilla Firefox\\browser\\features\\onboarding@mozilla.org.xpi","skinnable":false,"size":426346,"sourceURI":null,"releaseNotesURI":null,"softDisabled":false,"foreignInstall":false,"hasBinaryComponents":false,"strictCompatibility":false,"locales":[],"targetApplications":[{"id":"{ec8030f7-c20a-464f-9b0e-13a3a9e97384}","minVersion":"56.0","maxVersion":"56.*"}],"targetPlatforms":[],"multiprocessCompatible":true,"seen":true,"dependencies":[],"hasEmbeddedWebExtension":false,"mpcOptedOut":false,"userPermissions":null,"icons":{},"iconURL":null,"icon64URL":null,"blocklistState":0,"blocklistURL":null}
1508254871661	addons.xpi	DEBUG	Updating XPIState for {"id":"screenshots@mozilla.org","syncGUID":"{9dd6c780-9242-48f0-922d-29e1ddd7ca4b}","location":"app-system-defaults","version":"10.12.0","type":"extension","internalName":null,"updateURL":null,"updateKey":null,"optionsURL":null,"optionsType":null,"aboutURL":null,"defaultLocale":{"name":"Firefox Screenshots","description":null,"creator":null,"homepageURL":"https://pageshot.net/"},"visible":true,"active":true,"userDisabled":false,"appDisabled":false,"installDate":1507274299206,"updateDate":1507274299206,"applyBackgroundUpdates":1,"bootstrap":true,"path":"C:\\Program Files\\Mozilla Firefox\\browser\\features\\screenshots@mozilla.org.xpi","skinnable":false,"size":714554,"sourceURI":null,"releaseNotesURI":null,"softDisabled":false,"foreignInstall":false,"hasBinaryComponents":false,"strictCompatibility":false,"locales":[],"targetApplications":[{"id":"{ec8030f7-c20a-464f-9b0e-13a3a9e97384}","minVersion":"51.0a1","maxVersion":"*"}],"targetPlatforms":[],"multiprocessCompatible":true,"seen":true,"dependencies":[],"hasEmbeddedWebExtension":false,"mpcOptedOut":false,"userPermissions":null,"icons":{},"iconURL":null,"icon64URL":null,"blocklistState":0,"blocklistURL":null}
1508254871661	addons.xpi	DEBUG	Updating XPIState for {"id":"shield-recipe-client@mozilla.org","syncGUID":"{1c4bae17-ef94-4487-84f7-9e663170aac8}","location":"app-system-defaults","version":"65","type":"extension","internalName":null,"updateURL":null,"updateKey":null,"optionsURL":null,"optionsType":null,"aboutURL":null,"defaultLocale":{"name":"Shield Recipe Client","description":"Client to download and run recipes for SHIELD, Heartbeat, etc.","creator":null,"homepageURL":null},"visible":true,"active":true,"userDisabled":false,"appDisabled":false,"installDate":1507274299206,"updateDate":1507274299206,"applyBackgroundUpdates":1,"bootstrap":true,"path":"C:\\Program Files\\Mozilla Firefox\\browser\\features\\shield-recipe-client@mozilla.org.xpi","skinnable":false,"size":362688,"sourceURI":null,"releaseNotesURI":null,"softDisabled":false,"foreignInstall":false,"hasBinaryComponents":false,"strictCompatibility":false,"locales":[],"targetApplications":[{"id":"{ec8030f7-c20a-464f-9b0e-13a3a9e97384}","minVersion":"56.0","maxVersion":"56.*"}],"targetPlatforms":[],"multiprocessCompatible":true,"seen":true,"dependencies":[],"hasEmbeddedWebExtension":false,"mpcOptedOut":false,"userPermissions":null,"icons":{},"iconURL":null,"icon64URL":null,"blocklistState":0,"blocklistURL":null}
1508254871661	addons.xpi	DEBUG	Updating XPIState for {"id":"webcompat@mozilla.org","syncGUID":"{1a65bdf4-e2c4-430c-a1ed-ffc225307ef0}","location":"app-system-defaults","version":"1.1","type":"extension","internalName":null,"updateURL":null,"updateKey":null,"optionsURL":null,"optionsType":null,"aboutURL":null,"defaultLocale":{"name":"Web Compat","description":"Urgent post-release fixes for web compatibility.","creator":null,"homepageURL":null},"visible":true,"active":true,"userDisabled":false,"appDisabled":false,"installDate":1507274299190,"updateDate":1507274299190,"applyBackgroundUpdates":1,"bootstrap":true,"path":"C:\\Program Files\\Mozilla Firefox\\browser\\features\\webcompat@mozilla.org.xpi","skinnable":false,"size":8990,"sourceURI":null,"releaseNotesURI":null,"softDisabled":false,"foreignInstall":false,"hasBinaryComponents":false,"strictCompatibility":false,"locales":[],"targetApplications":[{"id":"{ec8030f7-c20a-464f-9b0e-13a3a9e97384}","minVersion":"56.0","maxVersion":"56.*"}],"targetPlatforms":[],"multiprocessCompatible":true,"seen":true,"dependencies":[],"hasEmbeddedWebExtension":false,"mpcOptedOut":false,"userPermissions":null,"icons":{},"iconURL":null,"icon64URL":null,"blocklistState":0,"blocklistURL":null}
1508254871661	addons.xpi	DEBUG	Updating XPIState for {"id":"{972ce4c6-7e08-4474-a285-3208198ce6fd}","syncGUID":"{ee2aa2b1-35a4-4757-ab93-57fe43ce6127}","location":"app-global","version":"56.0","type":"theme","internalName":"classic/1.0","updateURL":null,"updateKey":null,"optionsURL":null,"optionsType":null,"optionsBrowserStyle":null,"aboutURL":null,"defaultLocale":{"name":"Default","description":"The default theme.","creator":"Mozilla","homepageURL":null,"contributors":["Mozilla Contributors"]},"visible":true,"active":true,"userDisabled":false,"appDisabled":false,"installDate":1507274299237,"updateDate":1507274299237,"applyBackgroundUpdates":1,"path":"C:\\Program Files\\Mozilla Firefox\\browser\\extensions\\{972ce4c6-7e08-4474-a285-3208198ce6fd}.xpi","skinnable":true,"size":7141,"sourceURI":null,"releaseNotesURI":null,"softDisabled":false,"foreignInstall":false,"hasBinaryComponents":false,"strictCompatibility":true,"locales":[],"targetApplications":[{"id":"{ec8030f7-c20a-464f-9b0e-13a3a9e97384}","minVersion":"56.0","maxVersion":"56.0"}],"targetPlatforms":[],"seen":true,"dependencies":[],"hasEmbeddedWebExtension":false,"userPermissions":null,"icons":{},"iconURL":"chrome://browser/content/default-theme-icon.svg","icon64URL":null,"blocklistState":0,"blocklistURL":null}
1508254871662	DeferredSave.extensions.json	DEBUG	Save changes
1508254871662	addons.xpi	DEBUG	Updating database with changes to installed add-ons
1508254871662	addons.xpi-utils	DEBUG	Updating add-on states
1508254871666	addons.xpi	DEBUG	Registering manifest for C:\Program Files\Mozilla Firefox\browser\features\activity-stream@mozilla.org.xpi
1508254871666	addons.xpi	DEBUG	Calling bootstrap method startup on activity-stream@mozilla.org version 0.0.0
1508254871667	addons.xpi	DEBUG	Registering manifest for C:\Program Files\Mozilla Firefox\browser\features\aushelper@mozilla.org.xpi
1508254871667	addons.xpi	DEBUG	Calling bootstrap method startup on aushelper@mozilla.org version 2.0
1508254871668	addons.xpi	DEBUG	Registering manifest for C:\Program Files\Mozilla Firefox\browser\features\clicktoplay-rollout@mozilla.org.xpi
1508254871668	addons.xpi	DEBUG	Calling bootstrap method startup on clicktoplay-rollout@mozilla.org version 1.4
1508254871669	addons.xpi	DEBUG	Registering manifest for C:\Program Files\Mozilla Firefox\browser\features\e10srollout@mozilla.org.xpi
1508254871669	addons.xpi	DEBUG	Calling bootstrap method startup on e10srollout@mozilla.org version 3.00
1508254871669	addons.xpi	DEBUG	Registering manifest for C:\Program Files\Mozilla Firefox\browser\features\firefox@getpocket.com.xpi
1508254871669	addons.xpi	DEBUG	Calling bootstrap method startup on firefox@getpocket.com version 1.0.5
1508254871700	addons.xpi	DEBUG	Registering manifest for C:\Program Files\Mozilla Firefox\browser\features\followonsearch@mozilla.com.xpi
1508254871700	addons.xpi	DEBUG	Calling bootstrap method startup on followonsearch@mozilla.com version 0.9.3
1508254871700	addons.xpi	DEBUG	Registering manifest for C:\Program Files\Mozilla Firefox\browser\features\formautofill@mozilla.org.xpi
1508254871701	addons.xpi	DEBUG	Calling bootstrap method startup on formautofill@mozilla.org version 1.0
1508254871701	addons.xpi	DEBUG	Registering manifest for C:\Program Files\Mozilla Firefox\browser\features\onboarding@mozilla.org.xpi
1508254871701	addons.xpi	DEBUG	Calling bootstrap method startup on onboarding@mozilla.org version 0.1
1508254871701	addons.xpi	DEBUG	Registering manifest for C:\Program Files\Mozilla Firefox\browser\features\screenshots@mozilla.org.xpi
1508254871701	addons.xpi	DEBUG	Calling bootstrap method startup on screenshots@mozilla.org version 10.12.0
1508254871702	addons.xpi	DEBUG	Registering manifest for C:\Program Files\Mozilla Firefox\browser\features\shield-recipe-client@mozilla.org.xpi
1508254871703	addons.xpi	DEBUG	Calling bootstrap method startup on shield-recipe-client@mozilla.org version 65
1508254871707	addons.xpi	DEBUG	Registering manifest for C:\Program Files\Mozilla Firefox\browser\features\webcompat@mozilla.org.xpi
1508254871708	addons.xpi	DEBUG	Calling bootstrap method startup on webcompat@mozilla.org version 1.1
1508254871711	addons.manager	DEBUG	Registering shutdown blocker for XPIProvider
1508254871711	addons.manager	DEBUG	Provider finished startup: XPIProvider
1508254871711	addons.manager	DEBUG	Starting provider: LightweightThemeManager
1508254871712	addons.manager	DEBUG	Registering shutdown blocker for LightweightThemeManager
1508254871712	addons.manager	DEBUG	Provider finished startup: LightweightThemeManager
1508254871712	addons.manager	DEBUG	Starting provider: GMPProvider
1508254871720	addons.manager	DEBUG	Registering shutdown blocker for GMPProvider
1508254871721	addons.manager	DEBUG	Provider finished startup: GMPProvider
1508254871721	addons.manager	DEBUG	Starting provider: PluginProvider
1508254871721	addons.manager	DEBUG	Registering shutdown blocker for PluginProvider
1508254871721	addons.manager	DEBUG	Provider finished startup: PluginProvider
1508254871721	addons.manager	DEBUG	Completed startup sequence
1508254872204	Marionette	INFO	Enabled via --marionette
1508254872499	addons.manager	DEBUG	Starting provider: PreviousExperimentProvider
1508254872500	addons.manager	DEBUG	Registering shutdown blocker for PreviousExperimentProvider
1508254872500	addons.manager	DEBUG	Provider finished startup: PreviousExperimentProvider
1508254872504	DeferredSave.extensions.json	DEBUG	Starting write
1508254872895	DeferredSave.webext.sc.lz4	DEBUG	Save changes
1508254872895	DeferredSave.webext.sc.lz4	DEBUG	Starting timer
1508254872931	DeferredSave.webext.sc.lz4	DEBUG	Save changes
1508254872932	DeferredSave.webext.sc.lz4	DEBUG	Save changes
1508254872934	DeferredSave.webext.sc.lz4	DEBUG	Save changes
1508254872936	DeferredSave.webext.sc.lz4	DEBUG	Save changes
1508254872940	DeferredSave.webext.sc.lz4	DEBUG	Save changes
1508254872943	DeferredSave.webext.sc.lz4	DEBUG	Save changes
1508254872947	DeferredSave.webext.sc.lz4	DEBUG	Save changes
1508254872949	DeferredSave.webext.sc.lz4	DEBUG	Save changes
1508254872952	DeferredSave.webext.sc.lz4	DEBUG	Save changes
1508254872954	DeferredSave.webext.sc.lz4	DEBUG	Save changes
1508254872956	DeferredSave.webext.sc.lz4	DEBUG	Save changes
1508254872957	DeferredSave.webext.sc.lz4	DEBUG	Save changes
1508254872958	DeferredSave.webext.sc.lz4	DEBUG	Save changes
1508254872959	DeferredSave.webext.sc.lz4	DEBUG	Save changes
1508254872969	DeferredSave.webext.sc.lz4	DEBUG	Save changes
1508254872971	DeferredSave.webext.sc.lz4	DEBUG	Save changes
1508254872972	DeferredSave.webext.sc.lz4	DEBUG	Save changes
1508254872973	DeferredSave.webext.sc.lz4	DEBUG	Save changes
1508254872973	DeferredSave.webext.sc.lz4	DEBUG	Save changes
1508254872974	DeferredSave.webext.sc.lz4	DEBUG	Save changes
1508254872978	DeferredSave.webext.sc.lz4	DEBUG	Save changes
1508254872979	DeferredSave.webext.sc.lz4	DEBUG	Save changes
1508254872980	DeferredSave.webext.sc.lz4	DEBUG	Save changes
1508254872981	DeferredSave.webext.sc.lz4	DEBUG	Save changes
1508254872981	DeferredSave.webext.sc.lz4	DEBUG	Save changes
1508254872982	DeferredSave.webext.sc.lz4	DEBUG	Save changes
1508254872983	DeferredSave.webext.sc.lz4	DEBUG	Save changes
1508254872984	DeferredSave.webext.sc.lz4	DEBUG	Save changes
1508254872986	DeferredSave.webext.sc.lz4	DEBUG	Save changes
1508254872987	DeferredSave.webext.sc.lz4	DEBUG	Save changes
1508254872988	DeferredSave.webext.sc.lz4	DEBUG	Save changes
1508254872988	DeferredSave.webext.sc.lz4	DEBUG	Save changes
1508254872989	DeferredSave.webext.sc.lz4	DEBUG	Save changes
1508254872991	DeferredSave.webext.sc.lz4	DEBUG	Save changes
1508254872991	DeferredSave.webext.sc.lz4	DEBUG	Save changes
1508254872992	DeferredSave.webext.sc.lz4	DEBUG	Save changes
1508254872993	DeferredSave.webext.sc.lz4	DEBUG	Save changes
1508254872993	DeferredSave.webext.sc.lz4	DEBUG	Save changes
1508254872997	DeferredSave.webext.sc.lz4	DEBUG	Save changes
1508254872999	DeferredSave.webext.sc.lz4	DEBUG	Save changes
1508254873001	DeferredSave.webext.sc.lz4	DEBUG	Save changes
1508254873003	DeferredSave.webext.sc.lz4	DEBUG	Save changes
1508254873004	DeferredSave.webext.sc.lz4	DEBUG	Save changes
1508254873007	DeferredSave.webext.sc.lz4	DEBUG	Save changes
1508254873011	DeferredSave.webext.sc.lz4	DEBUG	Save changes
1508254873013	DeferredSave.webext.sc.lz4	DEBUG	Save changes
1508254873014	DeferredSave.webext.sc.lz4	DEBUG	Save changes
1508254873022	DeferredSave.webext.sc.lz4	DEBUG	Save changes
1508254873027	DeferredSave.extensions.json	DEBUG	Write succeeded
1508254873027	addons.xpi-utils	DEBUG	XPI Database saved, setting schema version preference to 22
1508254873057	DeferredSave.webext.sc.lz4	DEBUG	Save changes
1508254873059	DeferredSave.webext.sc.lz4	DEBUG	Save changes
1508254873134	DeferredSave.webext.sc.lz4	DEBUG	Save changes
1508254873150	DeferredSave.webext.sc.lz4	DEBUG	Save changes
1508254879862	DeferredSave.webext.sc.lz4	DEBUG	Starting write
1508254880305	DeferredSave.webext.sc.lz4	DEBUG	Write succeeded
1508254880432	addons.manager	DEBUG	Starting provider: <unnamed-provider>
1508254880432	addons.manager	DEBUG	Registering shutdown blocker for <unnamed-provider>
1508254880433	addons.manager	DEBUG	Provider finished startup: <unnamed-provider>
1508254880436	addons.xpi	INFO	Mapping activity-stream@mozilla.org to C:\Program Files\Mozilla Firefox\browser\features\activity-stream@mozilla.org.xpi
1508254880437	addons.xpi	INFO	Mapping aushelper@mozilla.org to C:\Program Files\Mozilla Firefox\browser\features\aushelper@mozilla.org.xpi
1508254880437	addons.xpi	INFO	Mapping clicktoplay-rollout@mozilla.org to C:\Program Files\Mozilla Firefox\browser\features\clicktoplay-rollout@mozilla.org.xpi
1508254880437	addons.xpi	INFO	Mapping e10srollout@mozilla.org to C:\Program Files\Mozilla Firefox\browser\features\e10srollout@mozilla.org.xpi
1508254880437	addons.xpi	INFO	Mapping firefox@getpocket.com to C:\Program Files\Mozilla Firefox\browser\features\firefox@getpocket.com.xpi
1508254880437	addons.xpi	INFO	Mapping followonsearch@mozilla.com to C:\Program Files\Mozilla Firefox\browser\features\followonsearch@mozilla.com.xpi
1508254880438	addons.xpi	INFO	Mapping formautofill@mozilla.org to C:\Program Files\Mozilla Firefox\browser\features\formautofill@mozilla.org.xpi
1508254880438	addons.xpi	INFO	Mapping onboarding@mozilla.org to C:\Program Files\Mozilla Firefox\browser\features\onboarding@mozilla.org.xpi
1508254880438	addons.xpi	INFO	Mapping screenshots@mozilla.org to C:\Program Files\Mozilla Firefox\browser\features\screenshots@mozilla.org.xpi
1508254880438	addons.xpi	INFO	Mapping shield-recipe-client@mozilla.org to C:\Program Files\Mozilla Firefox\browser\features\shield-recipe-client@mozilla.org.xpi
1508254880439	addons.xpi	INFO	Mapping webcompat@mozilla.org to C:\Program Files\Mozilla Firefox\browser\features\webcompat@mozilla.org.xpi
1508254880440	addons.xpi	DEBUG	Existing add-on activity-stream@mozilla.org in app-system-defaults
1508254880440	addons.xpi	DEBUG	Existing add-on aushelper@mozilla.org in app-system-defaults
1508254880441	addons.xpi	DEBUG	Existing add-on clicktoplay-rollout@mozilla.org in app-system-defaults
1508254880441	addons.xpi	DEBUG	Existing add-on e10srollout@mozilla.org in app-system-defaults
1508254880442	addons.xpi	DEBUG	Existing add-on firefox@getpocket.com in app-system-defaults
1508254880442	addons.xpi	DEBUG	Existing add-on followonsearch@mozilla.com in app-system-defaults
1508254880443	addons.xpi	DEBUG	Existing add-on formautofill@mozilla.org in app-system-defaults
1508254880443	addons.xpi	DEBUG	Existing add-on onboarding@mozilla.org in app-system-defaults
1508254880444	addons.xpi	DEBUG	Existing add-on screenshots@mozilla.org in app-system-defaults
1508254880444	addons.xpi	DEBUG	Existing add-on shield-recipe-client@mozilla.org in app-system-defaults
1508254880445	addons.xpi	DEBUG	Existing add-on webcompat@mozilla.org in app-system-defaults
1508254880445	addons.xpi	INFO	Mapping {972ce4c6-7e08-4474-a285-3208198ce6fd} to C:\Program Files\Mozilla Firefox\browser\extensions\{972ce4c6-7e08-4474-a285-3208198ce6fd}.xpi
1508254880446	addons.xpi	DEBUG	Existing add-on {972ce4c6-7e08-4474-a285-3208198ce6fd} in app-global
1508254880446	addons.xpi	DEBUG	getInstallState changed: false, state: {}
1508254880461	addons.productaddons	INFO	sending request to: https://aus5.mozilla.org/update/3/GMP/56.0/20170926190823/WINNT_x86_64-msvc-x64/zh-CN/release-cck-mozillaonline/Windows_NT%206.1.0.0%20(x64)/MozillaOnline/2017.8/update.xml
1508254880679	Marionette	INFO	Listening on port 57675
1508254882302	Marionette	WARN	TLS certificate errors will be ignored for this session
1508254882525	addons.productaddons	INFO	Completed downloading document
1508254883206	addons.productaddons	INFO	downloadXHR File download. status=200
1508254883241	addons.productaddons	INFO	Downloaded file will be saved to C:\Users\ADMINI~1\AppData\Local\Temp\8\tmpaddon-f2e527
1508254890528	addons.xpi	DEBUG	Calling bootstrap method shutdown on webcompat@mozilla.org version 1.1
1508254890529	addons.xpi	DEBUG	Calling bootstrap method shutdown on shield-recipe-client@mozilla.org version 65
1508254890530	addons.xpi	DEBUG	Calling bootstrap method shutdown on screenshots@mozilla.org version 10.12.0
1508254890546	addons.xpi	DEBUG	Calling bootstrap method shutdown on onboarding@mozilla.org version 0.1
1508254890548	addons.xpi	DEBUG	Calling bootstrap method shutdown on formautofill@mozilla.org version 1.0
1508254890549	addons.xpi	DEBUG	Calling bootstrap method shutdown on followonsearch@mozilla.com version 0.9.3
1508254890551	addons.xpi	DEBUG	Calling bootstrap method shutdown on firefox@getpocket.com version 1.0.5
1508254890553	addons.xpi	DEBUG	Calling bootstrap method shutdown on e10srollout@mozilla.org version 3.00
1508254890554	addons.xpi	DEBUG	Calling bootstrap method shutdown on clicktoplay-rollout@mozilla.org version 1.4
1508254890555	addons.xpi	DEBUG	Calling bootstrap method shutdown on aushelper@mozilla.org version 2.0
1508254890557	addons.xpi	DEBUG	Calling bootstrap method shutdown on activity-stream@mozilla.org version 0.0.0
1508254891362	addons.productaddons	WARN	Failed downloading via XHR, status: 0, reason: error
1508254891385	addons.manager	DEBUG	shutdown
1508254891387	addons.manager	DEBUG	Calling shutdown blocker for XPIProvider
1508254891387	addons.xpi	DEBUG	shutdown
1508254891388	addons.xpi-utils	DEBUG	shutdown
1508254891388	addons.manager	DEBUG	Calling shutdown blocker for LightweightThemeManager
1508254891389	addons.manager	DEBUG	Calling shutdown blocker for GMPProvider
1508254891391	addons.manager	DEBUG	Calling shutdown blocker for PluginProvider
1508254891392	addons.manager	DEBUG	Calling shutdown blocker for PreviousExperimentProvider
1508254891392	addons.manager	DEBUG	Calling shutdown blocker for <unnamed-provider>
1508254891408	addons.manager	DEBUG	Async provider shutdown done
*** UTM:SVC TimerManager:registerTimer called after profile-before-change notification. Ignoring timer registration for id: telemetry_modules_ping
Unable to read VR Path Registry from C:\Users\Administrator\AppData\Local\openvr\openvrpaths.vrpath
iousExperimentProvider
1508252946138	addons.manager	DEBUG	Calling shutdown blocker for <unnamed-provider>
1508252946166	addons.manager	DEBUG	Async provider shutdown done
82	addons.productaddons	INFO	downloadXHR File download. status=200
1508252486194	addons.productaddons	INFO	Downloaded file will be saved to C:\Users\ADMINI~1\AppData\Local\Temp\8\tmpaddon
1508252486526	addons.productaddons	INFO	Downloaded file will be saved to C:\Users\ADMINI~1\AppData\Local\Temp\8\tmpaddon-63d269
1508252486572	addons.productaddons	INFO	Downloaded file will be saved to C:\Users\ADMINI~1\AppData\Local\Temp\8\tmpaddon-d7f57c
1508252486688	addons.productaddons	INFO	Downloaded file will be saved to C:\Users\ADMINI~1\AppData\Local\Temp\8\tmpaddon-702926
1508252486780	addons.productaddons	INFO	Downloaded file will be saved to C:\Users\ADMINI~1\AppData\Local\Temp\8\tmpaddon-c9d19b
1508252486932	addons.productaddons	INFO	Downloaded file will be saved to C:\Users\ADMINI~1\AppData\Local\Temp\8\tmpaddon-28cef5
1508252487014	addons.productaddons	INFO	Downloaded file will be saved to C:\Users\ADMINI~1\AppData\Local\Temp\8\tmpaddon-9460b2
1508252521936	addons.productaddons	INFO	downloadXHR File download. status=200
1508252521942	addons.productaddons	INFO	Downloaded file will be saved to C:\Users\ADMINI~1\AppData\Local\Temp\8\tmpaddon-655b38
1508252521955	addons.productaddons	INFO	downloadXHR File download. status=200
1508252521962	addons.productaddons	INFO	Downloaded file will be saved to C:\Users\ADMINI~1\AppData\Local\Temp\8\tmpaddon-884525
1508252521967	addons.productaddons	INFO	downloadXHR File download. status=200
1508252521979	addons.productaddons	INFO	downloadXHR File download. status=200
1508252521993	addons.productaddons	INFO	downloadXHR File download. status=200
1508252521996	addons.productaddons	INFO	downloadXHR File download. status=200
1508252521999	addons.productaddons	INFO	Downloaded file will be saved to C:\Users\ADMINI~1\AppData\Local\Temp\8\tmpaddon-76cf1b
1508252522007	addons.productaddons	INFO	Downloaded file will be saved to C:\Users\ADMINI~1\AppData\Local\Temp\8\tmpaddon-b75de6
1508252522013	addons.productaddons	INFO	Downloaded file will be saved to C:\Users\ADMINI~1\AppData\Local\Temp\8\tmpaddon-d3ac8c
1508252522016	addons.productaddons	INFO	Downloaded file will be saved to C:\Users\ADMINI~1\AppData\Local\Temp\8\tmpaddon-52184a
1508252522304	addons.productaddons	INFO	downloadXHR File download. status=200
1508252522327	addons.productaddons	INFO	Downloaded file will be saved to C:\Users\ADMINI~1\AppData\Local\Temp\8\tmpaddon-ee65c
1508252526966	addons.xpi	DEBUG	Calling bootstrap method shutdown on webcompat@mozilla.org version 1.1
1508252526967	addons.xpi	DEBUG	Calling bootstrap method shutdown on shield-recipe-client@mozilla.org version 65
1508252526967	addons.xpi	DEBUG	Calling bootstrap method shutdown on screenshots@mozilla.org version 10.12.0
1508252526974	addons.xpi	DEBUG	Calling bootstrap method shutdown on onboarding@mozilla.org version 0.1
1508252526975	addons.xpi	DEBUG	Calling bootstrap method shutdown on formautofill@mozilla.org version 1.0
1508252526975	addons.xpi	DEBUG	Calling bootstrap method shutdown on followonsearch@mozilla.com version 0.9.3
1508252526976	addons.xpi	DEBUG	Calling bootstrap method shutdown on firefox@getpocket.com version 1.0.5
1508252526976	addons.xpi	DEBUG	Calling bootstrap method shutdown on e10srollout@mozilla.org version 3.00
1508252526977	addons.xpi	DEBUG	Calling bootstrap method shutdown on clicktoplay-rollout@mozilla.org version 1.4
1508252526977	addons.xpi	DEBUG	Calling bootstrap method shutdown on aushelper@mozilla.org version 2.0
1508252526978	addons.xpi	DEBUG	Calling bootstrap method shutdown on activity-stream@mozilla.org version 0.0.0
1508252527108	addons.manager	DEBUG	shutdown
1508252527108	addons.manager	DEBUG	Calling shutdown blocker for XPIProvider
1508252527108	addons.xpi	DEBUG	shutdown
1508252527109	addons.xpi-utils	DEBUG	shutdown
1508252527109	addons.manager	DEBUG	Calling shutdown blocker for LightweightThemeManager
1508252527109	addons.manager	DEBUG	Calling shutdown blocker for GMPProvider
1508252527110	addons.manager	DEBUG	Calling shutdown blocker for PluginProvider
1508252527110	addons.manager	DEBUG	Calling shutdown blocker for PreviousExperimentProvider
1508252527110	addons.manager	DEBUG	Calling shutdown blocker for <unnamed-provider>
1508252527119	addons.manager	DEBUG	Async provider shutdown done
Unable to read VR Path Registry from C:\Users\Administrator\AppData\Local\openvr\openvrpaths.vrpath
