1525190113323	geckodriver	INFO	geckodriver 0.20.1
1525190113339	geckodriver	INFO	Listening on 127.0.0.1:64693
1525190116366	mozrunner::runner	INFO	Running command: "C:\\Program Files (x86)\\Mozilla Firefox\\firefox.exe" "-marionette" "-profile" "C:\\Users\\OLIUGI~1\\AppData\\Local\\Temp\\rust_mozprofile.AUIUMrouyLSa"
1525190117396	Marionette	INFO	Enabled via --marionette
1525190119308	Marionette	INFO	Listening on port 64707
1525190119482	Marionette	WARN	TLS certificate errors will be ignored for this session
Unable to read VR Path Registry from C:\Users\oliugian-fu\AppData\Local\openvr\openvrpaths.vrpath
[Parent 4208, Gecko_IOThread] WARNING: pipe error: 109: file z:/build/build/src/ipc/chromium/src/chrome/common/ipc_channel_win.cc, line 346
Unable to read VR Path Registry from C:\Users\oliugian-fu\AppData\Local\openvr\openvrpaths.vrpath
[Child 3344, Chrome_ChildThread] WARNING: pipe error: 109: file z:/build/build/src/ipc/chromium/src/chrome/common/ipc_channel_win.cc, line 346
[Child 3344, Chrome_ChildThread] WARNING: pipe error: 109: file z:/build/build/src/ipc/chromium/src/chrome/common/ipc_channel_win.cc, line 346
Unable to read VR Path Registry from C:\Users\oliugian-fu\AppData\Local\openvr\openvrpaths.vrpath
[Child 12200, Chrome_ChildThread] WARNING: pipe error: 109: file z:/build/build/src/ipc/chromium/src/chrome/common/ipc_channel_win.cc, line 346
[Child 12200, Chrome_ChildThread] WARNING: pipe error: 109: file z:/build/build/src/ipc/chromium/src/chrome/common/ipc_channel_win.cc, line 346
[Parent 4208, Gecko_IOThread] WARNING: pipe error: 109: file z:/build/build/src/ipc/chromium/src/chrome/common/ipc_channel_win.cc, line 346
Unable to read VR Path Registry from C:\Users\oliugian-fu\AppData\Local\openvr\openvrpaths.vrpath
[Child 7648, Chrome_ChildThread] WARNING: pipe error: 109: file z:/build/build/src/ipc/chromium/src/chrome/common/ipc_channel_win.cc, line 346

###!!! [Child][MessageChannel::SendAndWait] Error: Channel error: cannot send/recv

dThread] WARNING: pipe error: 109: file z:/build/build/src/ipc/chromium/src/chrome/common/ipc_channel_win.cc, line 346

###!!! [Child][MessageChannel::SendAndWait] Error: Channel error: cannot send/recv

envr\openvrpaths.vrpath
[GPU 6316, Chrome_ChildThread] WARNING: pipe error: 109: file z:/build/build/src/ipc/chromium/src/chrome/common/ipc_channel_win.cc, line 346

###!!! [Child][MessageChannel::SendAndWait] Error: Channel error: cannot send/recv

n. Ignoring timer registration for id: telemetry_modules_ping
Unable to read VR Path Registry from C:\Users\oliugian-fu\AppData\Local\openvr\openvrpaths.vrpath
[GPU 3724, Chrome_ChildThread] WARNING: pipe error: 109: file z:/build/build/src/ipc/chromium/src/chrome/common/ipc_channel_win.cc, line 346

###!!! [Child][MessageChannel::SendAndWait] Error: Channel error: cannot send/recv

dAndWait] Error: Channel error: cannot send/recv

